# project ns (3.11) configured on Sun Jan  1 00:02:14 2012 by
# waf 1.5.16 (abi 7, python 20607f0 on darwin)
# using ./waf
#

----------------------------------------
Checking for program gcc or cc
  find program=['gcc', 'cc'] paths=[] var='CC'
  -> '/usr/bin/gcc'

----------------------------------------
Checking for program cpp
  find program=['cpp'] paths=[] var='CPP'
  -> '/usr/bin/cpp'

----------------------------------------
Checking for program ar
  find program=['ar'] paths=[] var='AR'
  -> '/usr/bin/ar'

----------------------------------------
Checking for program ranlib
  find program=['ranlib'] paths=[] var='RANLIB'
  -> '/usr/bin/ranlib'

----------------------------------------
Checking for gcc 
ok 

----------------------------------------
Checking for program g++ or c++
  find program=['g++', 'c++'] paths=[] var='CXX'
  -> '/usr/bin/g++'

----------------------------------------
Checking for g++ 
ok 

----------------------------------------
Checking for program pkg-config
  find program=['pkg-config'] paths=[] var='PKG_CONFIG'
  -> '/sw/bin/pkg-config'

----------------------------------------
Checking for type uint128_t
==>
#include <stdint.h>

int main() {
	if ((uint128_t *) 0) return 0;
	if (sizeof (uint128_t)) return 0;
}

<==
[1/2] [32mcxx: build/.conf_check_0/test.cpp -> build/.conf_check_0/testbuild/debug/test_1.o
[0m../test.cpp: In function â€˜int main()â€™:
../test.cpp:4: error: â€˜uint128_tâ€™ was not declared in this scope
../test.cpp:4: error: expected primary-expression before â€˜)â€™ token
../test.cpp:4: error: expected `)' before numeric constant
../test.cpp:5: error: â€˜uint128_tâ€™ was not declared in this scope
['/usr/bin/g++', '-O0', '-ggdb', '-g3', '-Wall', '-Werror', '-Idebug', '-I..', '-D_DEBUG', '-DNS3_ASSERT_ENABLE', '-DNS3_LOG_ENABLE', '../test.cpp', '-c', '-o', 'debug/test_1.o']
command returned 'Build failed:  -> task failed (err #1): \n\t{task: cxx test.cpp -> test_1.o}'not found

----------------------------------------
Checking for type __uint128_t
==>
#include <stdint.h>

int main() {
	if ((__uint128_t *) 0) return 0;
	if (sizeof (__uint128_t)) return 0;
}

<==
[1/2] [32mcxx: build/.conf_check_0/test.cpp -> build/.conf_check_0/testbuild/debug/test_1.o
[0m['/usr/bin/g++', '-O0', '-ggdb', '-g3', '-Wall', '-Werror', '-Idebug', '-I..', '-D_DEBUG', '-DNS3_ASSERT_ENABLE', '-DNS3_LOG_ENABLE', '../test.cpp', '-c', '-o', 'debug/test_1.o']
[2/2] [33mcxx_link: build/.conf_check_0/testbuild/debug/test_1.o -> build/.conf_check_0/testbuild/debug/testprog
[0m['/usr/bin/g++', 'debug/test_1.o', '-o', '/Users/rony/ns-allinone-3.11/ns-3.11/build/.conf_check_0/testbuild/debug/testprog']
yes

-----------------------------------------------
Checking for high precision time implementation
128-bit integer

-----------------------------------------------
Checking for header stdint.h
==>
#include <stdint.h>

int main() {
	return 0;
}

<==
[1/2] [32mcxx: build/.conf_check_0/test.cpp -> build/.conf_check_0/testbuild/debug/test_1.o
[0m['/usr/bin/g++', '-O0', '-ggdb', '-g3', '-Wall', '-Werror', '-Idebug', '-I..', '-D_DEBUG', '-DNS3_ASSERT_ENABLE', '-DNS3_LOG_ENABLE', '../test.cpp', '-c', '-o', 'debug/test_1.o']
[2/2] [33mcxx_link: build/.conf_check_0/testbuild/debug/test_1.o -> build/.conf_check_0/testbuild/debug/testprog
[0m['/usr/bin/g++', 'debug/test_1.o', '-o', '/Users/rony/ns-allinone-3.11/ns-3.11/build/.conf_check_0/testbuild/debug/testprog']
yes

-----------------------------------------------
Checking for header inttypes.h
==>
#include <inttypes.h>

int main() {
	return 0;
}

<==
[1/2] [32mcxx: build/.conf_check_0/test.cpp -> build/.conf_check_0/testbuild/debug/test_1.o
[0m['/usr/bin/g++', '-O0', '-ggdb', '-g3', '-Wall', '-Werror', '-Idebug', '-I..', '-D_DEBUG', '-DNS3_ASSERT_ENABLE', '-DNS3_LOG_ENABLE', '../test.cpp', '-c', '-o', 'debug/test_1.o']
[2/2] [33mcxx_link: build/.conf_check_0/testbuild/debug/test_1.o -> build/.conf_check_0/testbuild/debug/testprog
[0m['/usr/bin/g++', 'debug/test_1.o', '-o', '/Users/rony/ns-allinone-3.11/ns-3.11/build/.conf_check_0/testbuild/debug/testprog']
yes

-----------------------------------------------
Checking for header sys/inttypes.h
==>
#include <sys/inttypes.h>

int main() {
	return 0;
}

<==
[1/2] [32mcxx: build/.conf_check_0/test.cpp -> build/.conf_check_0/testbuild/debug/test_1.o
[0m../test.cpp:1:26: error: sys/inttypes.h: No such file or directory
['/usr/bin/g++', '-O0', '-ggdb', '-g3', '-Wall', '-Werror', '-Idebug', '-I..', '-D_DEBUG', '-DNS3_ASSERT_ENABLE', '-DNS3_LOG_ENABLE', '../test.cpp', '-c', '-o', 'debug/test_1.o']
command returned 'Build failed:  -> task failed (err #1): \n\t{task: cxx test.cpp -> test_1.o}'not found

-----------------------------------------------
Checking for header stdlib.h
==>
#include <stdlib.h>

int main() {
	return 0;
}

<==
[1/2] [32mcxx: build/.conf_check_0/test.cpp -> build/.conf_check_0/testbuild/debug/test_1.o
[0m['/usr/bin/g++', '-O0', '-ggdb', '-g3', '-Wall', '-Werror', '-Idebug', '-I..', '-D_DEBUG', '-DNS3_ASSERT_ENABLE', '-DNS3_LOG_ENABLE', '../test.cpp', '-c', '-o', 'debug/test_1.o']
[2/2] [33mcxx_link: build/.conf_check_0/testbuild/debug/test_1.o -> build/.conf_check_0/testbuild/debug/testprog
[0m['/usr/bin/g++', 'debug/test_1.o', '-o', '/Users/rony/ns-allinone-3.11/ns-3.11/build/.conf_check_0/testbuild/debug/testprog']
yes

-----------------------------------------------
Checking for header signal.h
==>
#include <signal.h>

int main() {
	return 0;
}

<==
[1/2] [32mcxx: build/.conf_check_0/test.cpp -> build/.conf_check_0/testbuild/debug/test_1.o
[0m['/usr/bin/g++', '-O0', '-ggdb', '-g3', '-Wall', '-Werror', '-Idebug', '-I..', '-D_DEBUG', '-DNS3_ASSERT_ENABLE', '-DNS3_LOG_ENABLE', '../test.cpp', '-c', '-o', 'debug/test_1.o']
[2/2] [33mcxx_link: build/.conf_check_0/testbuild/debug/test_1.o -> build/.conf_check_0/testbuild/debug/testprog
[0m['/usr/bin/g++', 'debug/test_1.o', '-o', '/Users/rony/ns-allinone-3.11/ns-3.11/build/.conf_check_0/testbuild/debug/testprog']
yes

-----------------------------------------------
Checking for header pthread.h
==>

#include <pthread.h>
int main ()
{
   pthread_mutex_t m;
   pthread_mutex_init (&m, NULL);
   return 0;
}

<==
[1/2] [32mcxx: build/.conf_check_0/test.cpp -> build/.conf_check_0/testbuild/debug/test_1.o
[0m['/usr/bin/g++', '-O0', '-ggdb', '-g3', '-Wall', '-Werror', '-Idebug', '-I..', '-D_DEBUG', '-DNS3_ASSERT_ENABLE', '-DNS3_LOG_ENABLE', '../test.cpp', '-c', '-o', 'debug/test_1.o']
[2/2] [33mcxx_link: build/.conf_check_0/testbuild/debug/test_1.o -> build/.conf_check_0/testbuild/debug/testprog
[0m['/usr/bin/g++', 'debug/test_1.o', '-o', '/Users/rony/ns-allinone-3.11/ns-3.11/build/.conf_check_0/testbuild/debug/testprog']
yes

-----------------------------------------------
Checking for header stdint.h
==>
#include <stdint.h>

int main() {
	return 0;
}

<==
[1/2] [32mcxx: build/.conf_check_0/test.cpp -> build/.conf_check_0/testbuild/debug/test_1.o
[0m['/usr/bin/g++', '-O0', '-ggdb', '-g3', '-Wall', '-Werror', '-Idebug', '-I..', '-D_DEBUG', '-DNS3_ASSERT_ENABLE', '-DNS3_LOG_ENABLE', '../test.cpp', '-c', '-o', 'debug/test_1.o']
[2/2] [33mcxx_link: build/.conf_check_0/testbuild/debug/test_1.o -> build/.conf_check_0/testbuild/debug/testprog
[0m['/usr/bin/g++', 'debug/test_1.o', '-o', '/Users/rony/ns-allinone-3.11/ns-3.11/build/.conf_check_0/testbuild/debug/testprog']
yes

-----------------------------------------------
Checking for header inttypes.h
==>
#include <inttypes.h>

int main() {
	return 0;
}

<==
[1/2] [32mcxx: build/.conf_check_0/test.cpp -> build/.conf_check_0/testbuild/debug/test_1.o
[0m['/usr/bin/g++', '-O0', '-ggdb', '-g3', '-Wall', '-Werror', '-Idebug', '-I..', '-D_DEBUG', '-DNS3_ASSERT_ENABLE', '-DNS3_LOG_ENABLE', '../test.cpp', '-c', '-o', 'debug/test_1.o']
[2/2] [33mcxx_link: build/.conf_check_0/testbuild/debug/test_1.o -> build/.conf_check_0/testbuild/debug/testprog
[0m['/usr/bin/g++', 'debug/test_1.o', '-o', '/Users/rony/ns-allinone-3.11/ns-3.11/build/.conf_check_0/testbuild/debug/testprog']
yes

-----------------------------------------------
Checking for header sys/inttypes.h
==>
#include <sys/inttypes.h>

int main() {
	return 0;
}

<==
[1/2] [32mcxx: build/.conf_check_0/test.cpp -> build/.conf_check_0/testbuild/debug/test_1.o
[0m../test.cpp:1:26: error: sys/inttypes.h: No such file or directory
['/usr/bin/g++', '-O0', '-ggdb', '-g3', '-Wall', '-Werror', '-Idebug', '-I..', '-D_DEBUG', '-DNS3_ASSERT_ENABLE', '-DNS3_LOG_ENABLE', '../test.cpp', '-c', '-o', 'debug/test_1.o']
command returned 'Build failed:  -> task failed (err #1): \n\t{task: cxx test.cpp -> test_1.o}'not found

-----------------------------------------------
Checking for library rt
==>

int main() {
	return 0;
}

<==
[1/2] [32mcxx: build/.conf_check_0/test.cpp -> build/.conf_check_0/testbuild/debug/test_1.o
[0m['/usr/bin/g++', '-O0', '-ggdb', '-g3', '-Wall', '-Werror', '-Idebug', '-I..', '-D_DEBUG', '-DNS3_ASSERT_ENABLE', '-DNS3_LOG_ENABLE', '../test.cpp', '-c', '-o', 'debug/test_1.o']
[2/2] [33mcxx_link: build/.conf_check_0/testbuild/debug/test_1.o -> build/.conf_check_0/testbuild/debug/testprog
[0mld: library not found for -lrt
collect2: ld returned 1 exit status
['/usr/bin/g++', 'debug/test_1.o', '-o', '/Users/rony/ns-allinone-3.11/ns-3.11/build/.conf_check_0/testbuild/debug/testprog', '-lrt']
command returned 'Build failed:  -> task failed (err #1): \n\t{task: cxx_link test_1.o -> testprog}'not found

-----------------------------------------------
Checking for header netpacket/packet.h
==>
#include <netpacket/packet.h>

int main() {
	return 0;
}

<==
[1/2] [32mcxx: build/.conf_check_0/test.cpp -> build/.conf_check_0/testbuild/debug/test_1.o
[0m../test.cpp:1:30: error: netpacket/packet.h: No such file or directory
['/usr/bin/g++', '-O0', '-ggdb', '-g3', '-Wall', '-Werror', '-Idebug', '-I..', '-D_DEBUG', '-DNS3_ASSERT_ENABLE', '-DNS3_LOG_ENABLE', '../test.cpp', '-c', '-o', 'debug/test_1.o']
command returned 'Build failed:  -> task failed (err #1): \n\t{task: cxx test.cpp -> test_1.o}'not found

-----------------------------------------------
Checking for header linux/if_tun.h
==>
#include <linux/if_tun.h>

int main() {
	return 0;
}

<==
[1/2] [32mcxx: build/.conf_check_0/test.cpp -> build/.conf_check_0/testbuild/debug/test_1.o
[0m../test.cpp:1:26: error: linux/if_tun.h: No such file or directory
['/usr/bin/g++', '-O0', '-ggdb', '-g3', '-Wall', '-Werror', '-Idebug', '-I..', '-D_DEBUG', '-DNS3_ASSERT_ENABLE', '-DNS3_LOG_ENABLE', '../test.cpp', '-c', '-o', 'debug/test_1.o']
command returned 'Build failed:  -> task failed (err #1): \n\t{task: cxx test.cpp -> test_1.o}'not found

---------------------------------------------------
Checking for pkg-config flags for GTK_CONFIG_STORE 
not found
['/sw/bin/pkg-config', '--cflags', '--libs', 'gtk+-2.0 >= 2.12']: '' (exit code 1)

---------------------------------------------------
Checking for pkg-config flags for LIBXML2 
ok 
['/sw/bin/pkg-config', '--cflags', '--libs', 'libxml-2.0 >= 2.6']: '-I/usr/include/libxml2 -lxml2\n' (exit code 0)

---------------------------------------------------
Checking for NSC location 
ok ../nsc-0.5.2 (guessed)

---------------------------------------------------
Checking for NSC supported architecture None
not found

---------------------------------------------------
Checking for header sys/socket.h
==>
#include <sys/socket.h>

int main() {
	return 0;
}

<==
[1/2] [32mcxx: build/.conf_check_0/test.cpp -> build/.conf_check_0/testbuild/debug/test_1.o
[0m['/usr/bin/g++', '-O0', '-ggdb', '-g3', '-Wall', '-Werror', '-Idebug', '-I..', '-D_DEBUG', '-DNS3_ASSERT_ENABLE', '-DNS3_LOG_ENABLE', '../test.cpp', '-c', '-o', 'debug/test_1.o']
[2/2] [33mcxx_link: build/.conf_check_0/testbuild/debug/test_1.o -> build/.conf_check_0/testbuild/debug/testprog
[0m['/usr/bin/g++', 'debug/test_1.o', '-o', '/Users/rony/ns-allinone-3.11/ns-3.11/build/.conf_check_0/testbuild/debug/testprog']
yes

---------------------------------------------------
Checking for header netinet/in.h
==>
#include <netinet/in.h>

int main() {
	return 0;
}

<==
[1/2] [32mcxx: build/.conf_check_0/test.cpp -> build/.conf_check_0/testbuild/debug/test_1.o
[0m['/usr/bin/g++', '-O0', '-ggdb', '-g3', '-Wall', '-Werror', '-Idebug', '-I..', '-D_DEBUG', '-DNS3_ASSERT_ENABLE', '-DNS3_LOG_ENABLE', '../test.cpp', '-c', '-o', 'debug/test_1.o']
[2/2] [33mcxx_link: build/.conf_check_0/testbuild/debug/test_1.o -> build/.conf_check_0/testbuild/debug/testprog
[0m['/usr/bin/g++', 'debug/test_1.o', '-o', '/Users/rony/ns-allinone-3.11/ns-3.11/build/.conf_check_0/testbuild/debug/testprog']
yes

---------------------------------------------------
Checking for click location 
not found

---------------------------------------------------
boost headers
==>

#include <iostream>
#include <boost/version.hpp>
int main() { std::cout << BOOST_VERSION << std::endl; }

<==
[1/2] [32mcxx: build/.conf_check_0/test.cpp -> build/.conf_check_0/testbuild/debug/test_1.o
[0m['/usr/bin/g++', '-O0', '-ggdb', '-g3', '-Wall', '-Werror', '-Idebug', '-I..', '-I/opt/local/include', '-D_DEBUG', '-DNS3_ASSERT_ENABLE', '-DNS3_LOG_ENABLE', '../test.cpp', '-c', '-o', 'debug/test_1.o']
[2/2] [33mcxx_link: build/.conf_check_0/testbuild/debug/test_1.o -> build/.conf_check_0/testbuild/debug/testprog
[0m['/usr/bin/g++', 'debug/test_1.o', '-o', '/Users/rony/ns-allinone-3.11/ns-3.11/build/.conf_check_0/testbuild/debug/testprog']
104700


returncode 0
Version 1_47 (/opt/local/include)

---------------------------------------------------
library boost_signals
ok

---------------------------------------------------
library boost_filesystem
ok

---------------------------------------------------
Checking for OpenFlow location 
not found

---------------------------------------------------
Checking for library sqlite3
==>

int main() {
	return 0;
}

<==
[1/2] [32mcxx: build/.conf_check_0/test.cpp -> build/.conf_check_0/testbuild/debug/test_1.o
[0m['/usr/bin/g++', '-O0', '-ggdb', '-g3', '-Wall', '-Werror', '-Idebug', '-I..', '-D_DEBUG', '-DNS3_ASSERT_ENABLE', '-DNS3_LOG_ENABLE', '../test.cpp', '-c', '-o', 'debug/test_1.o']
[2/2] [33mcxx_link: build/.conf_check_0/testbuild/debug/test_1.o -> build/.conf_check_0/testbuild/debug/testprog
[0m['/usr/bin/g++', 'debug/test_1.o', '-o', '/Users/rony/ns-allinone-3.11/ns-3.11/build/.conf_check_0/testbuild/debug/testprog', '-lsqlite3']
yes

---------------------------------------------------
Checking for program mpic++
  find program=['mpic++'] paths=[] var='MPI'
  -> ''

---------------------------------------------------
Checking for program sudo
  find program=['sudo'] paths=[] var='SUDO'
  -> '/usr/bin/sudo'

---------------------------------------------------
Checking for program valgrind
  find program=['valgrind'] paths=[] var='VALGRIND'
  -> ''

---------------------------------------------------
Checking for pkg-config flags for GSL 
not found
['/sw/bin/pkg-config', '--cflags', '--libs', 'gsl']: '' (exit code 1)
==>
#include <stdio.h>
int main() { return 0; }

<==
[1/2] [32mcxx: build/.conf_check_0/test.cc -> build/.conf_check_0/testbuild/debug/test_1.o
[0m['/usr/bin/g++', '-O0', '-ggdb', '-g3', '-Wall', '-Werror', '-Wno-error=deprecated-declarations', '-Idebug', '-I..', '-D_DEBUG', '-DNS3_ASSERT_ENABLE', '-DNS3_LOG_ENABLE', '../test.cc', '-c', '-o', 'debug/test_1.o']
[2/2] [33mcxx_link: build/.conf_check_0/testbuild/debug/test_1.o -> build/.conf_check_0/testbuild/debug/testprog
[0m['/usr/bin/g++', 'debug/test_1.o', '-o', '/Users/rony/ns-allinone-3.11/ns-3.11/build/.conf_check_0/testbuild/debug/testprog']

-------------------------------------------------------
Checking for -Wno-error=deprecated-declarations support
yes
==>
#include <stdio.h>
int main() { return 0; }

<==
[1/2] [32mcc: build/.conf_check_0/test.c -> build/.conf_check_0/testbuild/debug/test_1.o
[0m['/usr/bin/gcc', '-O0', '-ggdb', '-g3', '-Wall', '-Werror', '-O0', '-ggdb', '-g3', '-Wall', '-Werror', '-Wno-error=deprecated-declarations', '-Idebug', '-I..', '-D_DEBUG', '-DNS3_ASSERT_ENABLE', '-DNS3_LOG_ENABLE', '../test.c', '-c', '-o', 'debug/test_1.o']
[2/2] [33mcc_link: build/.conf_check_0/testbuild/debug/test_1.o -> build/.conf_check_0/testbuild/debug/testprog
[0m['/usr/bin/gcc', 'debug/test_1.o', '-o', '/Users/rony/ns-allinone-3.11/ns-3.11/build/.conf_check_0/testbuild/debug/testprog']

-------------------------------------------------------
Checking for -Wno-error=deprecated-declarations support
yes
==>
#include <stdio.h>
int main() { return 0; }

<==
[1/2] [32mcxx: build/.conf_check_0/test.cc -> build/.conf_check_0/testbuild/debug/test_1.o
[0m['/usr/bin/g++', '-O0', '-ggdb', '-g3', '-Wall', '-Werror', '-Wno-error=deprecated-declarations', '-fstrict-aliasing', '-Idebug', '-I..', '-D_DEBUG', '-DNS3_ASSERT_ENABLE', '-DNS3_LOG_ENABLE', '../test.cc', '-c', '-o', 'debug/test_1.o']
[2/2] [33mcxx_link: build/.conf_check_0/testbuild/debug/test_1.o -> build/.conf_check_0/testbuild/debug/testprog
[0m['/usr/bin/g++', 'debug/test_1.o', '-o', '/Users/rony/ns-allinone-3.11/ns-3.11/build/.conf_check_0/testbuild/debug/testprog']

-------------------------------------------------------
Checking for -fstrict-aliasing support
yes
==>
#include <stdio.h>
int main() { return 0; }

<==
[1/2] [32mcc: build/.conf_check_0/test.c -> build/.conf_check_0/testbuild/debug/test_1.o
[0m['/usr/bin/gcc', '-O0', '-ggdb', '-g3', '-Wall', '-Werror', '-O0', '-ggdb', '-g3', '-Wall', '-Werror', '-Wno-error=deprecated-declarations', '-fstrict-aliasing', '-Idebug', '-I..', '-D_DEBUG', '-DNS3_ASSERT_ENABLE', '-DNS3_LOG_ENABLE', '../test.c', '-c', '-o', 'debug/test_1.o']
[2/2] [33mcc_link: build/.conf_check_0/testbuild/debug/test_1.o -> build/.conf_check_0/testbuild/debug/testprog
[0m['/usr/bin/gcc', 'debug/test_1.o', '-o', '/Users/rony/ns-allinone-3.11/ns-3.11/build/.conf_check_0/testbuild/debug/testprog']

-------------------------------------------------------
Checking for -fstrict-aliasing support
yes
==>
#include <stdio.h>
int main() { return 0; }

<==
[1/2] [32mcxx: build/.conf_check_0/test.cc -> build/.conf_check_0/testbuild/debug/test_1.o
[0m['/usr/bin/g++', '-O0', '-ggdb', '-g3', '-Wall', '-Werror', '-Wno-error=deprecated-declarations', '-fstrict-aliasing', '-Wstrict-aliasing', '-Idebug', '-I..', '-D_DEBUG', '-DNS3_ASSERT_ENABLE', '-DNS3_LOG_ENABLE', '../test.cc', '-c', '-o', 'debug/test_1.o']
[2/2] [33mcxx_link: build/.conf_check_0/testbuild/debug/test_1.o -> build/.conf_check_0/testbuild/debug/testprog
[0m['/usr/bin/g++', 'debug/test_1.o', '-o', '/Users/rony/ns-allinone-3.11/ns-3.11/build/.conf_check_0/testbuild/debug/testprog']

-------------------------------------------------------
Checking for -Wstrict-aliasing support
yes
==>
#include <stdio.h>
int main() { return 0; }

<==
[1/2] [32mcc: build/.conf_check_0/test.c -> build/.conf_check_0/testbuild/debug/test_1.o
[0m['/usr/bin/gcc', '-O0', '-ggdb', '-g3', '-Wall', '-Werror', '-O0', '-ggdb', '-g3', '-Wall', '-Werror', '-Wno-error=deprecated-declarations', '-fstrict-aliasing', '-Wstrict-aliasing', '-Idebug', '-I..', '-D_DEBUG', '-DNS3_ASSERT_ENABLE', '-DNS3_LOG_ENABLE', '../test.c', '-c', '-o', 'debug/test_1.o']
[2/2] [33mcc_link: build/.conf_check_0/testbuild/debug/test_1.o -> build/.conf_check_0/testbuild/debug/testprog
[0m['/usr/bin/gcc', 'debug/test_1.o', '-o', '/Users/rony/ns-allinone-3.11/ns-3.11/build/.conf_check_0/testbuild/debug/testprog']

-------------------------------------------------------
Checking for -Wstrict-aliasing support
yes

-------------------------------------------------------
Checking for program doxygen
  find program=['doxygen'] paths=[] var='DOXYGEN'
  -> ''
